<?xml version="1.0" encoding="UTF-8"?>
<testng-results ignored="0" total="1" passed="1" failed="0" skipped="0">
  <reporter-output>
  </reporter-output>
  <suite started-at="2024-01-27T17:02:15 GMT" name="Default suite" finished-at="2024-01-27T17:02:15 GMT" duration-ms="153">
    <groups>
    </groups>
    <test started-at="2024-01-27T17:02:15 GMT" name="Default test" finished-at="2024-01-27T17:02:15 GMT" duration-ms="153">
      <class name="testingmaventestng.TestCalc">
        <test-method is-config="true" signature="beforeMethod()[pri:0, instance:testingmaventestng.TestCalc@769f71a9]" started-at="2024-01-27T17:02:15 GMT" name="beforeMethod" finished-at="2024-01-27T17:02:15 GMT" duration-ms="9" status="PASS">
          <reporter-output>
          </reporter-output>
        </test-method> <!-- beforeMethod -->
        <test-method signature="testAdd()[pri:0, instance:testingmaventestng.TestCalc@769f71a9]" started-at="2024-01-27T17:02:15 GMT" name="testAdd" finished-at="2024-01-27T17:02:15 GMT" duration-ms="53" status="PASS">
          <reporter-output>
          </reporter-output>
        </test-method> <!-- testAdd -->
        <test-method is-config="true" signature="afterMethod()[pri:0, instance:testingmaventestng.TestCalc@769f71a9]" started-at="2024-01-27T17:02:15 GMT" name="afterMethod" finished-at="2024-01-27T17:02:15 GMT" duration-ms="20" status="PASS">
          <reporter-output>
          </reporter-output>
        </test-method> <!-- afterMethod -->
      </class> <!-- testingmaventestng.TestCalc -->
    </test> <!-- Default test -->
  </suite> <!-- Default suite -->
</testng-results>
